  [1m[35m (0.1ms)[0m  [1m[34mSELECT sqlite_version(*)[0m
  [1m[35m (0.9ms)[0m  [1m[35mCREATE TABLE "schema_migrations" ("version" varchar NOT NULL PRIMARY KEY)[0m
  [1m[35m (1.0ms)[0m  [1m[35mCREATE TABLE "ar_internal_metadata" ("key" varchar NOT NULL PRIMARY KEY, "value" varchar, "created_at" datetime NOT NULL, "updated_at" datetime NOT NULL)[0m
  [1m[35m (0.2ms)[0m  [1m[34mSELECT "schema_migrations"."version" FROM "schema_migrations" ORDER BY "schema_migrations"."version" ASC[0m
Migrating to CreateEmails (20171129221101)
  [1m[35m (0.1ms)[0m  [1m[36mbegin transaction[0m
  [1m[35m (0.4ms)[0m  [1m[35mCREATE TABLE "emails" ("id" INTEGER PRIMARY KEY AUTOINCREMENT NOT NULL, "object" varchar, "body" varchar, "created_at" datetime NOT NULL, "updated_at" datetime NOT NULL)[0m
  [1m[35mSQL (0.2ms)[0m  [1m[32mINSERT INTO "schema_migrations" ("version") VALUES (?)[0m  [["version", "20171129221101"]]
  [1m[35m (0.8ms)[0m  [1m[36mcommit transaction[0m
  [1m[36mActiveRecord::InternalMetadata Load (0.2ms)[0m  [1m[34mSELECT  "ar_internal_metadata".* FROM "ar_internal_metadata" WHERE "ar_internal_metadata"."key" = ? LIMIT ?[0m  [["key", "environment"], ["LIMIT", 1]]
  [1m[35m (0.0ms)[0m  [1m[36mbegin transaction[0m
  [1m[35mSQL (0.5ms)[0m  [1m[32mINSERT INTO "ar_internal_metadata" ("key", "value", "created_at", "updated_at") VALUES (?, ?, ?, ?)[0m  [["key", "environment"], ["value", "development"], ["created_at", "2017-11-30 00:10:12.762835"], ["updated_at", "2017-11-30 00:10:12.762835"]]
  [1m[35m (0.6ms)[0m  [1m[36mcommit transaction[0m
  [1m[35m (0.1ms)[0m  [1m[34mSELECT "schema_migrations"."version" FROM "schema_migrations" ORDER BY "schema_migrations"."version" ASC[0m
Started GET "/" for 127.0.0.1 at 2017-11-30 01:10:34 +0100
  [1m[35m (0.5ms)[0m  [1m[34mSELECT "schema_migrations"."version" FROM "schema_migrations" ORDER BY "schema_migrations"."version" ASC[0m
Processing by EmailsController#index as HTML
  Rendering emails/index.html.erb within layouts/application
  [1m[36mEmail Load (0.4ms)[0m  [1m[34mSELECT "emails".* FROM "emails"[0m
  Rendered emails/index.html.erb within layouts/application (735.8ms)
Completed 200 OK in 773ms (Views: 759.3ms | ActiveRecord: 1.0ms)


Started GET "/emails/new" for 127.0.0.1 at 2017-11-30 01:10:42 +0100
Processing by EmailsController#new as HTML
  Rendering emails/new.html.erb within layouts/application
  Rendered emails/_form.html.erb (34.3ms)
  Rendered emails/new.html.erb within layouts/application (37.2ms)
Completed 200 OK in 87ms (Views: 61.9ms | ActiveRecord: 1.2ms)


Started GET "/" for 127.0.0.1 at 2017-11-30 01:10:49 +0100
Processing by EmailsController#index as HTML
  Rendering emails/index.html.erb within layouts/application
  [1m[36mEmail Load (0.4ms)[0m  [1m[34mSELECT "emails".* FROM "emails"[0m
  Rendered emails/index.html.erb within layouts/application (46.5ms)
Completed 200 OK in 81ms (Views: 77.3ms | ActiveRecord: 0.4ms)


Started GET "/emails/new" for 127.0.0.1 at 2017-11-30 01:11:13 +0100
Processing by EmailsController#new as HTML
  Rendering emails/new.html.erb within layouts/application
  Rendered emails/_form.html.erb (3.7ms)
  Rendered emails/new.html.erb within layouts/application (6.8ms)
Completed 200 OK in 60ms (Views: 57.5ms | ActiveRecord: 0.0ms)


Started POST "/emails" for 127.0.0.1 at 2017-11-30 01:11:21 +0100
Processing by EmailsController#create as HTML
  Parameters: {"utf8"=>"✓", "authenticity_token"=>"z7Wx8gW+jSWwKG2iRxrYjKB8nSY0+F+Fmiz8BAzoeuglor8RnO17WgFs7Z/VETp3tuM6D7YZx8B5nEQl3WzRng==", "email"=>{"object"=>"frtgt", "body"=>"h cuhcn"}, "commit"=>"Create Email"}
  [1m[35m (0.1ms)[0m  [1m[36mbegin transaction[0m
  [1m[35mSQL (1.5ms)[0m  [1m[32mINSERT INTO "emails" ("object", "body", "created_at", "updated_at") VALUES (?, ?, ?, ?)[0m  [["object", "frtgt"], ["body", "h cuhcn"], ["created_at", "2017-11-30 00:11:21.449839"], ["updated_at", "2017-11-30 00:11:21.449839"]]
  [1m[35m (0.9ms)[0m  [1m[36mcommit transaction[0m
Redirected to http://localhost:3000/emails/1
Completed 302 Found in 9ms (ActiveRecord: 2.4ms)


Started GET "/emails/1" for 127.0.0.1 at 2017-11-30 01:11:21 +0100
Processing by EmailsController#show as HTML
  Parameters: {"id"=>"1"}
  [1m[36mEmail Load (0.2ms)[0m  [1m[34mSELECT  "emails".* FROM "emails" WHERE "emails"."id" = ? LIMIT ?[0m  [["id", 1], ["LIMIT", 1]]
  Rendering emails/show.html.erb within layouts/application
  Rendered emails/show.html.erb within layouts/application (1.1ms)
Completed 200 OK in 27ms (Views: 18.8ms | ActiveRecord: 0.2ms)


Started GET "/emails/1/edit" for 127.0.0.1 at 2017-11-30 01:11:24 +0100
Processing by EmailsController#edit as HTML
  Parameters: {"id"=>"1"}
  [1m[36mEmail Load (0.2ms)[0m  [1m[34mSELECT  "emails".* FROM "emails" WHERE "emails"."id" = ? LIMIT ?[0m  [["id", 1], ["LIMIT", 1]]
  Rendering emails/edit.html.erb within layouts/application
  Rendered emails/_form.html.erb (4.1ms)
  Rendered emails/edit.html.erb within layouts/application (7.5ms)
Completed 200 OK in 32ms (Views: 26.3ms | ActiveRecord: 0.2ms)


Started PATCH "/emails/1" for 127.0.0.1 at 2017-11-30 01:11:25 +0100
Processing by EmailsController#update as HTML
  Parameters: {"utf8"=>"✓", "authenticity_token"=>"wwGstURSBdeP/s5Xo1kXGlZ6vd7yaOj9H446Esg1xXPPqEyWl4I9rbmKwqlQsowZvY6+G8v0gbOS8M5y6t0qxg==", "email"=>{"object"=>"frtgt", "body"=>"h cuhcn"}, "commit"=>"Update Email", "id"=>"1"}
  [1m[36mEmail Load (0.2ms)[0m  [1m[34mSELECT  "emails".* FROM "emails" WHERE "emails"."id" = ? LIMIT ?[0m  [["id", 1], ["LIMIT", 1]]
  [1m[35m (0.1ms)[0m  [1m[36mbegin transaction[0m
  [1m[35m (0.1ms)[0m  [1m[36mcommit transaction[0m
Redirected to http://localhost:3000/emails/1
Completed 302 Found in 5ms (ActiveRecord: 0.3ms)


Started GET "/emails/1" for 127.0.0.1 at 2017-11-30 01:11:25 +0100
Processing by EmailsController#show as HTML
  Parameters: {"id"=>"1"}
  [1m[36mEmail Load (0.1ms)[0m  [1m[34mSELECT  "emails".* FROM "emails" WHERE "emails"."id" = ? LIMIT ?[0m  [["id", 1], ["LIMIT", 1]]
  Rendering emails/show.html.erb within layouts/application
  Rendered emails/show.html.erb within layouts/application (0.6ms)
Completed 200 OK in 19ms (Views: 16.8ms | ActiveRecord: 0.1ms)


Started GET "/emails/1/edit" for 127.0.0.1 at 2017-11-30 01:11:28 +0100
Processing by EmailsController#edit as HTML
  Parameters: {"id"=>"1"}
  [1m[36mEmail Load (0.2ms)[0m  [1m[34mSELECT  "emails".* FROM "emails" WHERE "emails"."id" = ? LIMIT ?[0m  [["id", 1], ["LIMIT", 1]]
  Rendering emails/edit.html.erb within layouts/application
  Rendered emails/_form.html.erb (5.2ms)
  Rendered emails/edit.html.erb within layouts/application (8.0ms)
Completed 200 OK in 30ms (Views: 25.1ms | ActiveRecord: 0.2ms)


Started GET "/emails/1/edit" for 127.0.0.1 at 2017-11-30 01:53:49 +0100
Processing by EmailsController#edit as HTML
  Parameters: {"id"=>"1"}
  [1m[36mEmail Load (0.3ms)[0m  [1m[34mSELECT  "emails".* FROM "emails" WHERE "emails"."id" = ? LIMIT ?[0m  [["id", 1], ["LIMIT", 1]]
  Rendering emails/edit.html.erb within layouts/application
  Rendered emails/_form.html.erb (7.0ms)
  Rendered emails/edit.html.erb within layouts/application (11.9ms)
Completed 200 OK in 50ms (Views: 46.2ms | ActiveRecord: 0.3ms)


Started GET "/" for 127.0.0.1 at 2017-11-30 01:53:56 +0100
Processing by EmailsController#index as HTML
  Rendering emails/index.html.erb within layouts/application
  [1m[36mEmail Load (0.4ms)[0m  [1m[34mSELECT "emails".* FROM "emails"[0m
  Rendered emails/index.html.erb within layouts/application (21.0ms)
Completed 200 OK in 43ms (Views: 38.9ms | ActiveRecord: 0.4ms)


Started GET "/emails/new" for 127.0.0.1 at 2017-11-30 01:54:09 +0100
Processing by EmailsController#new as HTML
  Rendering emails/new.html.erb within layouts/application
  Rendered emails/_form.html.erb (2.8ms)
  Rendered emails/new.html.erb within layouts/application (5.9ms)
Completed 200 OK in 41ms (Views: 35.2ms | ActiveRecord: 0.0ms)


Started GET "/" for 127.0.0.1 at 2017-11-30 01:54:11 +0100
Processing by EmailsController#index as HTML
  Rendering emails/index.html.erb within layouts/application
  [1m[36mEmail Load (0.6ms)[0m  [1m[34mSELECT "emails".* FROM "emails"[0m
  Rendered emails/index.html.erb within layouts/application (62.2ms)
Completed 200 OK in 91ms (Views: 87.1ms | ActiveRecord: 0.6ms)


Started GET "/emails/1" for 127.0.0.1 at 2017-11-30 01:54:19 +0100
Processing by EmailsController#show as HTML
  Parameters: {"id"=>"1"}
  [1m[36mEmail Load (0.2ms)[0m  [1m[34mSELECT  "emails".* FROM "emails" WHERE "emails"."id" = ? LIMIT ?[0m  [["id", 1], ["LIMIT", 1]]
  Rendering emails/show.html.erb within layouts/application
  Rendered emails/show.html.erb within layouts/application (1.9ms)
Completed 200 OK in 39ms (Views: 33.6ms | ActiveRecord: 0.2ms)


Started GET "/emails/1" for 127.0.0.1 at 2017-11-30 01:55:25 +0100
Processing by EmailsController#show as HTML
  Parameters: {"id"=>"1"}
  [1m[36mEmail Load (0.2ms)[0m  [1m[34mSELECT  "emails".* FROM "emails" WHERE "emails"."id" = ? LIMIT ?[0m  [["id", 1], ["LIMIT", 1]]
  Rendering emails/show.html.erb within layouts/application
  Rendered emails/show.html.erb within layouts/application (1.0ms)
Completed 200 OK in 39ms (Views: 34.9ms | ActiveRecord: 0.2ms)


